[debug] [2022-11-02T15:37:12.227Z] ----------------------------------------------------------------------
[debug] [2022-11-02T15:37:12.230Z] Command:       C:\Program Files\nodejs\node.exe C:\Users\User\AppData\Roaming\npm\node_modules\firebase-tools\lib\bin\firebase.js init
[debug] [2022-11-02T15:37:12.231Z] CLI Version:   11.16.0
[debug] [2022-11-02T15:37:12.231Z] Platform:      win32
[debug] [2022-11-02T15:37:12.231Z] Node Version:  v16.15.1
[debug] [2022-11-02T15:37:12.232Z] Time:          Wed Nov 02 2022 21:37:12 GMT+0600 (Восточный Казахстан)
[debug] [2022-11-02T15:37:12.232Z] ----------------------------------------------------------------------
[debug] 
[debug] [2022-11-02T15:37:12.236Z] >>> [apiv2][query] GET https://firebase-public.firebaseio.com/cli.json [none]
[debug] [2022-11-02T15:37:12.265Z] > command requires scopes: ["email","openid","https://www.googleapis.com/auth/cloudplatformprojects.readonly","https://www.googleapis.com/auth/firebase","https://www.googleapis.com/auth/cloud-platform"]
[debug] [2022-11-02T15:37:12.265Z] > authorizing via signed-in user (khrustyuk05@gmail.com)
[info] 
     ######## #### ########  ######## ########     ###     ######  ########
     ##        ##  ##     ## ##       ##     ##  ##   ##  ##       ##
     ######    ##  ########  ######   ########  #########  ######  ######
     ##        ##  ##    ##  ##       ##     ## ##     ##       ## ##
     ##       #### ##     ## ######## ########  ##     ##  ######  ########

You're about to initialize a Firebase project in this directory:

  C:\Users\User\Desktop\react exam\final-exam

[debug] [2022-11-02T15:37:12.938Z] <<< [apiv2][status] GET https://firebase-public.firebaseio.com/cli.json 200
[debug] [2022-11-02T15:37:12.939Z] <<< [apiv2][body] GET https://firebase-public.firebaseio.com/cli.json {"cloudBuildErrorAfter":1594252800000,"cloudBuildWarnAfter":1590019200000,"defaultNode10After":1594252800000,"minVersion":"3.0.5","node8DeploysDisabledAfter":1613390400000,"node8RuntimeDisabledAfter":1615809600000,"node8WarnAfter":1600128000000}
